# JRE version: OpenJDK Runtime Environment Temurin-21.0.9+10 (21.0.9+10) (build 21.0.9+10-LTS)
# Java VM: OpenJDK 64-Bit Server VM Temurin-21.0.9+10 (21.0.9+10-LTS, mixed mode, sharing, tiered, compressed oops, compressed class ptrs, parallel gc, windows-amd64)
GC Precious Log:
 CardTable entry size: 512
 CPUs: 8 total, 8 available
 Memory: 16183M
 Large Page Support: Disabled
 NUMA Support: Disabled
 Compressed Oops: Enabled (32-bit)
 Alignments: Space 512K, Generation 512K, Heap 2M
 Heap Min Capacity: 100M
 Heap Initial Capacity: 100M
 Heap Max Capacity: 2G
 Pre-touch: Disabled
 Parallel Workers: 8
Heap:
 PSYoungGen      total 6656K, used 4314K [0x00000000d5580000, 0x00000000d5e80000, 0x0000000100000000)
  eden space 5632K, 73% used [0x00000000d5580000,0x00000000d59869a8,0x00000000d5b00000)
  from space 1024K, 18% used [0x00000000d5d00000,0x00000000d5d30000,0x00000000d5e00000)
  to   space 512K, 0% used [0x00000000d5e00000,0x00000000d5e00000,0x00000000d5e80000)
 ParOldGen       total 1072640K, used 568128K [0x0000000080000000, 0x00000000c1780000, 0x00000000d5580000)
  object space 1072640K, 52% used [0x0000000080000000,0x00000000a2ad0228,0x00000000c1780000)
 Metaspace       used 87621K, committed 89408K, reserved 1179648K
  class space    used 8751K, committed 9600K, reserved 1048576K
GC Heap History (20 events):
Event: 2611.404 GC heap before
{Heap before GC invocations=1669 (full 5):
 PSYoungGen      total 8192K, used 8190K [0x00000000d5580000, 0x00000000d6300000, 0x0000000100000000)
  eden space 5632K, 100% used [0x00000000d5580000,0x00000000d5b00000,0x00000000d5b00000)
  from space 2560K, 99% used [0x00000000d5c00000,0x00000000d5e7fa70,0x00000000d5e80000)
  to   space 4096K, 0% used [0x00000000d5f00000,0x00000000d5f00000,0x00000000d6300000)
 ParOldGen       total 1072640K, used 564552K [0x0000000080000000, 0x00000000c1780000, 0x00000000d5580000)
  object space 1072640K, 52% used [0x0000000080000000,0x00000000a2752128,0x00000000c1780000)
 Metaspace       used 87608K, committed 89408K, reserved 1179648K
  class space    used 8751K, committed 9600K, reserved 1048576K
}
Event: 2611.405 GC heap after
{Heap after GC invocations=1669 (full 5):
 PSYoungGen      total 6144K, used 256K [0x00000000d5580000, 0x00000000d5f80000, 0x0000000100000000)
  eden space 5632K, 0% used [0x00000000d5580000,0x00000000d5580000,0x00000000d5b00000)
  from space 512K, 50% used [0x00000000d5f00000,0x00000000d5f40000,0x00000000d5f80000)
  to   space 1536K, 0% used [0x00000000d5c80000,0x00000000d5c80000,0x00000000d5e00000)
 ParOldGen       total 1072640K, used 565184K [0x0000000080000000, 0x00000000c1780000, 0x00000000d5580000)
  object space 1072640K, 52% used [0x0000000080000000,0x00000000a27f0148,0x00000000c1780000)
 Metaspace       used 87608K, committed 89408K, reserved 1179648K
  class space    used 8751K, committed 9600K, reserved 1048576K
}
Event: 2611.413 GC heap before
{Heap before GC invocations=1670 (full 5):
 PSYoungGen      total 6144K, used 5888K [0x00000000d5580000, 0x00000000d5f80000, 0x0000000100000000)
  eden space 5632K, 100% used [0x00000000d5580000,0x00000000d5b00000,0x00000000d5b00000)
  from space 512K, 50% used [0x00000000d5f00000,0x00000000d5f40000,0x00000000d5f80000)
  to   space 1536K, 0% used [0x00000000d5c80000,0x00000000d5c80000,0x00000000d5e00000)
 ParOldGen       total 1072640K, used 565184K [0x0000000080000000, 0x00000000c1780000, 0x00000000d5580000)
  object space 1072640K, 52% used [0x0000000080000000,0x00000000a27f0148,0x00000000c1780000)
 Metaspace       used 87610K, committed 89408K, reserved 1179648K
  class space    used 8751K, committed 9600K, reserved 1048576K
}
Event: 2611.415 GC heap after
{Heap after GC invocations=1670 (full 5):
 PSYoungGen      total 7168K, used 800K [0x00000000d5580000, 0x00000000d5f80000, 0x0000000100000000)
  eden space 5632K, 0% used [0x00000000d5580000,0x00000000d5580000,0x00000000d5b00000)
  from space 1536K, 52% used [0x00000000d5c80000,0x00000000d5d48020,0x00000000d5e00000)
  to   space 1024K, 0% used [0x00000000d5e80000,0x00000000d5e80000,0x00000000d5f80000)
 ParOldGen       total 1072640K, used 565254K [0x0000000080000000, 0x00000000c1780000, 0x00000000d5580000)
  object space 1072640K, 52% used [0x0000000080000000,0x00000000a2801b88,0x00000000c1780000)
 Metaspace       used 87610K, committed 89408K, reserved 1179648K
  class space    used 8751K, committed 9600K, reserved 1048576K
}
Event: 2611.434 GC heap before
{Heap before GC invocations=1671 (full 5):
 PSYoungGen      total 7168K, used 6315K [0x00000000d5580000, 0x00000000d5f80000, 0x0000000100000000)
  eden space 5632K, 97% used [0x00000000d5580000,0x00000000d5ae2e40,0x00000000d5b00000)
  from space 1536K, 52% used [0x00000000d5c80000,0x00000000d5d48020,0x00000000d5e00000)
  to   space 1024K, 0% used [0x00000000d5e80000,0x00000000d5e80000,0x00000000d5f80000)
 ParOldGen       total 1072640K, used 565254K [0x0000000080000000, 0x00000000c1780000, 0x00000000d5580000)
  object space 1072640K, 52% used [0x0000000080000000,0x00000000a2801b88,0x00000000c1780000)
 Metaspace       used 87620K, committed 89408K, reserved 1179648K
  class space    used 8751K, committed 9600K, reserved 1048576K
}
Event: 2611.435 GC heap after
{Heap after GC invocations=1671 (full 5):
 PSYoungGen      total 6144K, used 224K [0x00000000d5580000, 0x00000000d5f00000, 0x0000000100000000)
  eden space 5632K, 0% used [0x00000000d5580000,0x00000000d5580000,0x00000000d5b00000)
  from space 512K, 43% used [0x00000000d5e80000,0x00000000d5eb8000,0x00000000d5f00000)
  to   space 512K, 0% used [0x00000000d5e00000,0x00000000d5e00000,0x00000000d5e80000)
 ParOldGen       total 1072640K, used 565974K [0x0000000080000000, 0x00000000c1780000, 0x00000000d5580000)
  object space 1072640K, 52% used [0x0000000080000000,0x00000000a28b5ba8,0x00000000c1780000)
 Metaspace       used 87620K, committed 89408K, reserved 1179648K
  class space    used 8751K, committed 9600K, reserved 1048576K
}
Event: 2612.373 GC heap before
{Heap before GC invocations=1672 (full 5):
 PSYoungGen      total 6144K, used 5856K [0x00000000d5580000, 0x00000000d5f00000, 0x0000000100000000)
  eden space 5632K, 100% used [0x00000000d5580000,0x00000000d5b00000,0x00000000d5b00000)
  from space 512K, 43% used [0x00000000d5e80000,0x00000000d5eb8000,0x00000000d5f00000)
  to   space 512K, 0% used [0x00000000d5e00000,0x00000000d5e00000,0x00000000d5e80000)
 ParOldGen       total 1072640K, used 565974K [0x0000000080000000, 0x00000000c1780000, 0x00000000d5580000)
  object space 1072640K, 52% used [0x0000000080000000,0x00000000a28b5ba8,0x00000000c1780000)
 Metaspace       used 87620K, committed 89408K, reserved 1179648K
  class space    used 8751K, committed 9600K, reserved 1048576K
}
Event: 2612.374 GC heap after
{Heap after GC invocations=1672 (full 5):
 PSYoungGen      total 6144K, used 224K [0x00000000d5580000, 0x00000000d5f00000, 0x0000000100000000)
  eden space 5632K, 0% used [0x00000000d5580000,0x00000000d5580000,0x00000000d5b00000)
  from space 512K, 43% used [0x00000000d5e00000,0x00000000d5e38000,0x00000000d5e80000)
  to   space 512K, 0% used [0x00000000d5e80000,0x00000000d5e80000,0x00000000d5f00000)
 ParOldGen       total 1072640K, used 566126K [0x0000000080000000, 0x00000000c1780000, 0x00000000d5580000)
  object space 1072640K, 52% used [0x0000000080000000,0x00000000a28dbba8,0x00000000c1780000)
 Metaspace       used 87620K, committed 89408K, reserved 1179648K
  class space    used 8751K, committed 9600K, reserved 1048576K
}
Event: 2612.380 GC heap before
{Heap before GC invocations=1673 (full 5):
 PSYoungGen      total 6144K, used 5856K [0x00000000d5580000, 0x00000000d5f00000, 0x0000000100000000)
  eden space 5632K, 100% used [0x00000000d5580000,0x00000000d5b00000,0x00000000d5b00000)
  from space 512K, 43% used [0x00000000d5e00000,0x00000000d5e38000,0x00000000d5e80000)
  to   space 512K, 0% used [0x00000000d5e80000,0x00000000d5e80000,0x00000000d5f00000)
 ParOldGen       total 1072640K, used 566126K [0x0000000080000000, 0x00000000c1780000, 0x00000000d5580000)
  object space 1072640K, 52% used [0x0000000080000000,0x00000000a28dbba8,0x00000000c1780000)
 Metaspace       used 87620K, committed 89408K, reserved 1179648K
  class space    used 8751K, committed 9600K, reserved 1048576K
}
Event: 2612.381 GC heap after
{Heap after GC invocations=1673 (full 5):
 PSYoungGen      total 6144K, used 512K [0x00000000d5580000, 0x00000000d5f00000, 0x0000000100000000)
  eden space 5632K, 0% used [0x00000000d5580000,0x00000000d5580000,0x00000000d5b00000)
  from space 512K, 100% used [0x00000000d5e80000,0x00000000d5f00000,0x00000000d5f00000)
  to   space 1024K, 0% used [0x00000000d5d00000,0x00000000d5d00000,0x00000000d5e00000)
 ParOldGen       total 1072640K, used 566364K [0x0000000080000000, 0x00000000c1780000, 0x00000000d5580000)
  object space 1072640K, 52% used [0x0000000080000000,0x00000000a2917048,0x00000000c1780000)
 Metaspace       used 87620K, committed 89408K, reserved 1179648K
  class space    used 8751K, committed 9600K, reserved 1048576K
}
Event: 2612.393 GC heap before
{Heap before GC invocations=1674 (full 5):
 PSYoungGen      total 6144K, used 6144K [0x00000000d5580000, 0x00000000d5f00000, 0x0000000100000000)
  eden space 5632K, 100% used [0x00000000d5580000,0x00000000d5b00000,0x00000000d5b00000)
  from space 512K, 100% used [0x00000000d5e80000,0x00000000d5f00000,0x00000000d5f00000)
  to   space 1024K, 0% used [0x00000000d5d00000,0x00000000d5d00000,0x00000000d5e00000)
 ParOldGen       total 1072640K, used 566364K [0x0000000080000000, 0x00000000c1780000, 0x00000000d5580000)
  object space 1072640K, 52% used [0x0000000080000000,0x00000000a2917048,0x00000000c1780000)
 Metaspace       used 87620K, committed 89408K, reserved 1179648K
  class space    used 8751K, committed 9600K, reserved 1048576K
}
Event: 2612.395 GC heap after
{Heap after GC invocations=1674 (full 5):
 PSYoungGen      total 6656K, used 352K [0x00000000d5580000, 0x00000000d5f00000, 0x0000000100000000)
  eden space 5632K, 0% used [0x00000000d5580000,0x00000000d5580000,0x00000000d5b00000)
  from space 1024K, 34% used [0x00000000d5d00000,0x00000000d5d58000,0x00000000d5e00000)
  to   space 512K, 0% used [0x00000000d5e80000,0x00000000d5e80000,0x00000000d5f00000)
 ParOldGen       total 1072640K, used 566892K [0x0000000080000000, 0x00000000c1780000, 0x00000000d5580000)
  object space 1072640K, 52% used [0x0000000080000000,0x00000000a299b048,0x00000000c1780000)
 Metaspace       used 87620K, committed 89408K, reserved 1179648K
  class space    used 8751K, committed 9600K, reserved 1048576K
}
Event: 2612.403 GC heap before
{Heap before GC invocations=1675 (full 5):
 PSYoungGen      total 6656K, used 5984K [0x00000000d5580000, 0x00000000d5f00000, 0x0000000100000000)
  eden space 5632K, 100% used [0x00000000d5580000,0x00000000d5b00000,0x00000000d5b00000)
  from space 1024K, 34% used [0x00000000d5d00000,0x00000000d5d58000,0x00000000d5e00000)
  to   space 512K, 0% used [0x00000000d5e80000,0x00000000d5e80000,0x00000000d5f00000)
 ParOldGen       total 1072640K, used 566892K [0x0000000080000000, 0x00000000c1780000, 0x00000000d5580000)
  object space 1072640K, 52% used [0x0000000080000000,0x00000000a299b048,0x00000000c1780000)
 Metaspace       used 87620K, committed 89408K, reserved 1179648K
  class space    used 8751K, committed 9600K, reserved 1048576K
}
Event: 2612.405 GC heap after
{Heap after GC invocations=1675 (full 5):
 PSYoungGen      total 6144K, used 512K [0x00000000d5580000, 0x00000000d5f00000, 0x0000000100000000)
  eden space 5632K, 0% used [0x00000000d5580000,0x00000000d5580000,0x00000000d5b00000)
  from space 512K, 100% used [0x00000000d5e80000,0x00000000d5f00000,0x00000000d5f00000)
  to   space 1536K, 0% used [0x00000000d5c00000,0x00000000d5c00000,0x00000000d5d80000)
 ParOldGen       total 1072640K, used 567355K [0x0000000080000000, 0x00000000c1780000, 0x00000000d5580000)
  object space 1072640K, 52% used [0x0000000080000000,0x00000000a2a0ee28,0x00000000c1780000)
 Metaspace       used 87620K, committed 89408K, reserved 1179648K
  class space    used 8751K, committed 9600K, reserved 1048576K
}
Event: 2612.416 GC heap before
{Heap before GC invocations=1676 (full 5):
 PSYoungGen      total 6144K, used 6144K [0x00000000d5580000, 0x00000000d5f00000, 0x0000000100000000)
  eden space 5632K, 100% used [0x00000000d5580000,0x00000000d5b00000,0x00000000d5b00000)
  from space 512K, 100% used [0x00000000d5e80000,0x00000000d5f00000,0x00000000d5f00000)
  to   space 1536K, 0% used [0x00000000d5c00000,0x00000000d5c00000,0x00000000d5d80000)
 ParOldGen       total 1072640K, used 567355K [0x0000000080000000, 0x00000000c1780000, 0x00000000d5580000)
  object space 1072640K, 52% used [0x0000000080000000,0x00000000a2a0ee28,0x00000000c1780000)
 Metaspace       used 87620K, committed 89408K, reserved 1179648K
  class space    used 8751K, committed 9600K, reserved 1048576K
}
Event: 2612.418 GC heap after
{Heap after GC invocations=1676 (full 5):
 PSYoungGen      total 7168K, used 512K [0x00000000d5580000, 0x00000000d5f00000, 0x0000000100000000)
  eden space 5632K, 0% used [0x00000000d5580000,0x00000000d5580000,0x00000000d5b00000)
  from space 1536K, 33% used [0x00000000d5c00000,0x00000000d5c80000,0x00000000d5d80000)
  to   space 1024K, 0% used [0x00000000d5e00000,0x00000000d5e00000,0x00000000d5f00000)
 ParOldGen       total 1072640K, used 567899K [0x0000000080000000, 0x00000000c1780000, 0x00000000d5580000)
  object space 1072640K, 52% used [0x0000000080000000,0x00000000a2a96e28,0x00000000c1780000)
 Metaspace       used 87620K, committed 89408K, reserved 1179648K
  class space    used 8751K, committed 9600K, reserved 1048576K
}
Event: 2612.427 GC heap before
{Heap before GC invocations=1677 (full 5):
 PSYoungGen      total 7168K, used 6144K [0x00000000d5580000, 0x00000000d5f00000, 0x0000000100000000)
  eden space 5632K, 100% used [0x00000000d5580000,0x00000000d5b00000,0x00000000d5b00000)
  from space 1536K, 33% used [0x00000000d5c00000,0x00000000d5c80000,0x00000000d5d80000)
  to   space 1024K, 0% used [0x00000000d5e00000,0x00000000d5e00000,0x00000000d5f00000)
 ParOldGen       total 1072640K, used 567899K [0x0000000080000000, 0x00000000c1780000, 0x00000000d5580000)
  object space 1072640K, 52% used [0x0000000080000000,0x00000000a2a96e28,0x00000000c1780000)
 Metaspace       used 87621K, committed 89408K, reserved 1179648K
  class space    used 8751K, committed 9600K, reserved 1048576K
}
Event: 2612.428 GC heap after
{Heap after GC invocations=1677 (full 5):
 PSYoungGen      total 6656K, used 560K [0x00000000d5580000, 0x00000000d5f00000, 0x0000000100000000)
  eden space 5632K, 0% used [0x00000000d5580000,0x00000000d5580000,0x00000000d5b00000)
  from space 1024K, 54% used [0x00000000d5e00000,0x00000000d5e8c010,0x00000000d5f00000)
  to   space 1024K, 0% used [0x00000000d5d00000,0x00000000d5d00000,0x00000000d5e00000)
 ParOldGen       total 1072640K, used 567955K [0x0000000080000000, 0x00000000c1780000, 0x00000000d5580000)
  object space 1072640K, 52% used [0x0000000080000000,0x00000000a2aa4e28,0x00000000c1780000)
 Metaspace       used 87621K, committed 89408K, reserved 1179648K
  class space    used 8751K, committed 9600K, reserved 1048576K
}
Event: 2612.434 GC heap before
{Heap before GC invocations=1678 (full 5):
 PSYoungGen      total 6656K, used 6192K [0x00000000d5580000, 0x00000000d5f00000, 0x0000000100000000)
  eden space 5632K, 100% used [0x00000000d5580000,0x00000000d5b00000,0x00000000d5b00000)
  from space 1024K, 54% used [0x00000000d5e00000,0x00000000d5e8c010,0x00000000d5f00000)
  to   space 1024K, 0% used [0x00000000d5d00000,0x00000000d5d00000,0x00000000d5e00000)
 ParOldGen       total 1072640K, used 567955K [0x0000000080000000, 0x00000000c1780000, 0x00000000d5580000)
  object space 1072640K, 52% used [0x0000000080000000,0x00000000a2aa4e28,0x00000000c1780000)
 Metaspace       used 87621K, committed 89408K, reserved 1179648K
  class space    used 8751K, committed 9600K, reserved 1048576K
}
Event: 2612.436 GC heap after
{Heap after GC invocations=1678 (full 5):
 PSYoungGen      total 6656K, used 192K [0x00000000d5580000, 0x00000000d5e80000, 0x0000000100000000)
  eden space 5632K, 0% used [0x00000000d5580000,0x00000000d5580000,0x00000000d5b00000)
  from space 1024K, 18% used [0x00000000d5d00000,0x00000000d5d30000,0x00000000d5e00000)
  to   space 512K, 0% used [0x00000000d5e00000,0x00000000d5e00000,0x00000000d5e80000)
 ParOldGen       total 1072640K, used 568128K [0x0000000080000000, 0x00000000c1780000, 0x00000000d5580000)
  object space 1072640K, 52% used [0x0000000080000000,0x00000000a2ad0228,0x00000000c1780000)
 Metaspace       used 87621K, committed 89408K, reserved 1179648K
  class space    used 8751K, committed 9600K, reserved 1048576K
}

